{"/Users/ashish/Desktop/cdt/src/commands/avro.ts": {"path":"/Users/ashish/Desktop/cdt/src/commands/avro.ts","statementMap":{"0":{"start":{"line":2,"column":0},"end":{"line":2,"column":62}},"1":{"start":{"line":3,"column":18},"end":{"line":3,"column":43}},"2":{"start":{"line":4,"column":13},"end":{"line":4,"column":28}},"3":{"start":{"line":5,"column":14},"end":{"line":5,"column":30}},"4":{"start":{"line":6,"column":11},"end":{"line":6,"column":24}},"5":{"start":{"line":7,"column":17},"end":{"line":7,"column":47}},"6":{"start":{"line":8,"column":20},"end":{"line":8,"column":53}},"7":{"start":{"line":14,"column":32},"end":{"line":14,"column":48}},"8":{"start":{"line":15,"column":8},"end":{"line":15,"column":42}},"9":{"start":{"line":16,"column":8},"end":{"line":16,"column":41}},"10":{"start":{"line":20,"column":8},"end":{"line":21,"column":71}},"11":{"start":{"line":21,"column":12},"end":{"line":21,"column":71}},"12":{"start":{"line":22,"column":8},"end":{"line":23,"column":114}},"13":{"start":{"line":23,"column":12},"end":{"line":23,"column":114}},"14":{"start":{"line":25,"column":8},"end":{"line":25,"column":50}},"15":{"start":{"line":27,"column":8},"end":{"line":28,"column":72}},"16":{"start":{"line":28,"column":12},"end":{"line":28,"column":72}},"17":{"start":{"line":31,"column":8},"end":{"line":40,"column":9}},"18":{"start":{"line":33,"column":16},"end":{"line":33,"column":51}},"19":{"start":{"line":35,"column":16},"end":{"line":35,"column":48}},"20":{"start":{"line":37,"column":16},"end":{"line":37,"column":48}},"21":{"start":{"line":39,"column":16},"end":{"line":39,"column":106}},"22":{"start":{"line":44,"column":8},"end":{"line":56,"column":11}},"23":{"start":{"line":46,"column":25},"end":{"line":46,"column":38}},"24":{"start":{"line":47,"column":28},"end":{"line":47,"column":50}},"25":{"start":{"line":48,"column":12},"end":{"line":55,"column":13}},"26":{"start":{"line":50,"column":16},"end":{"line":50,"column":85}},"27":{"start":{"line":54,"column":16},"end":{"line":54,"column":120}},"28":{"start":{"line":60,"column":8},"end":{"line":60,"column":61}},"29":{"start":{"line":61,"column":8},"end":{"line":65,"column":11}},"30":{"start":{"line":64,"column":12},"end":{"line":64,"column":98}},"31":{"start":{"line":66,"column":8},"end":{"line":66,"column":110}},"32":{"start":{"line":69,"column":8},"end":{"line":70,"column":72}},"33":{"start":{"line":70,"column":12},"end":{"line":70,"column":72}},"34":{"start":{"line":71,"column":21},"end":{"line":71,"column":49}},"35":{"start":{"line":72,"column":26},"end":{"line":72,"column":63}},"36":{"start":{"line":73,"column":8},"end":{"line":73,"column":61}},"37":{"start":{"line":76,"column":22},"end":{"line":76,"column":87}},"38":{"start":{"line":77,"column":8},"end":{"line":77,"column":51}},"39":{"start":{"line":78,"column":8},"end":{"line":78,"column":51}},"40":{"start":{"line":79,"column":26},"end":{"line":79,"column":45}},"41":{"start":{"line":80,"column":8},"end":{"line":88,"column":11}},"42":{"start":{"line":81,"column":12},"end":{"line":87,"column":13}},"43":{"start":{"line":82,"column":16},"end":{"line":82,"column":40}},"44":{"start":{"line":86,"column":16},"end":{"line":86,"column":147}},"45":{"start":{"line":89,"column":8},"end":{"line":89,"column":110}},"46":{"start":{"line":90,"column":8},"end":{"line":90,"column":26}},"47":{"start":{"line":93,"column":0},"end":{"line":93,"column":23}},"48":{"start":{"line":94,"column":0},"end":{"line":94,"column":42}},"49":{"start":{"line":95,"column":0},"end":{"line":95,"column":31}},"50":{"start":{"line":96,"column":0},"end":{"line":96,"column":25}},"51":{"start":{"line":97,"column":0},"end":{"line":97,"column":25}},"52":{"start":{"line":99,"column":0},"end":{"line":99,"column":71}},"53":{"start":{"line":100,"column":0},"end":{"line":105,"column":2}},"54":{"start":{"line":106,"column":0},"end":{"line":106,"column":34}}},"fnMap":{"0":{"name":"(anonymous_0)","decl":{"start":{"line":13,"column":4},"end":{"line":13,"column":5}},"loc":{"start":{"line":13,"column":16},"end":{"line":17,"column":5}},"line":13},"1":{"name":"(anonymous_1)","decl":{"start":{"line":19,"column":4},"end":{"line":19,"column":5}},"loc":{"start":{"line":19,"column":33},"end":{"line":29,"column":5}},"line":19},"2":{"name":"(anonymous_2)","decl":{"start":{"line":30,"column":4},"end":{"line":30,"column":5}},"loc":{"start":{"line":30,"column":32},"end":{"line":41,"column":5}},"line":30},"3":{"name":"(anonymous_3)","decl":{"start":{"line":43,"column":4},"end":{"line":43,"column":5}},"loc":{"start":{"line":43,"column":27},"end":{"line":57,"column":5}},"line":43},"4":{"name":"(anonymous_4)","decl":{"start":{"line":45,"column":28},"end":{"line":45,"column":29}},"loc":{"start":{"line":45,"column":44},"end":{"line":56,"column":9}},"line":45},"5":{"name":"(anonymous_5)","decl":{"start":{"line":59,"column":4},"end":{"line":59,"column":5}},"loc":{"start":{"line":59,"column":24},"end":{"line":67,"column":5}},"line":59},"6":{"name":"(anonymous_6)","decl":{"start":{"line":62,"column":24},"end":{"line":62,"column":25}},"loc":{"start":{"line":62,"column":45},"end":{"line":65,"column":9}},"line":62},"7":{"name":"(anonymous_7)","decl":{"start":{"line":68,"column":4},"end":{"line":68,"column":5}},"loc":{"start":{"line":68,"column":24},"end":{"line":91,"column":5}},"line":68},"8":{"name":"(anonymous_8)","decl":{"start":{"line":80,"column":28},"end":{"line":80,"column":29}},"loc":{"start":{"line":80,"column":44},"end":{"line":88,"column":9}},"line":80}},"branchMap":{"0":{"loc":{"start":{"line":20,"column":8},"end":{"line":21,"column":71}},"type":"if","locations":[{"start":{"line":20,"column":8},"end":{"line":21,"column":71}},{"start":{"line":20,"column":8},"end":{"line":21,"column":71}}],"line":20},"1":{"loc":{"start":{"line":22,"column":8},"end":{"line":23,"column":114}},"type":"if","locations":[{"start":{"line":22,"column":8},"end":{"line":23,"column":114}},{"start":{"line":22,"column":8},"end":{"line":23,"column":114}}],"line":22},"2":{"loc":{"start":{"line":27,"column":8},"end":{"line":28,"column":72}},"type":"if","locations":[{"start":{"line":27,"column":8},"end":{"line":28,"column":72}},{"start":{"line":27,"column":8},"end":{"line":28,"column":72}}],"line":27},"3":{"loc":{"start":{"line":27,"column":12},"end":{"line":27,"column":61}},"type":"binary-expr","locations":[{"start":{"line":27,"column":12},"end":{"line":27,"column":44}},{"start":{"line":27,"column":48},"end":{"line":27,"column":61}}],"line":27},"4":{"loc":{"start":{"line":31,"column":8},"end":{"line":40,"column":9}},"type":"switch","locations":[{"start":{"line":32,"column":12},"end":{"line":33,"column":51}},{"start":{"line":34,"column":12},"end":{"line":35,"column":48}},{"start":{"line":36,"column":12},"end":{"line":37,"column":48}},{"start":{"line":38,"column":12},"end":{"line":39,"column":106}}],"line":31},"5":{"loc":{"start":{"line":48,"column":12},"end":{"line":55,"column":13}},"type":"if","locations":[{"start":{"line":48,"column":12},"end":{"line":55,"column":13}},{"start":{"line":48,"column":12},"end":{"line":55,"column":13}}],"line":48},"6":{"loc":{"start":{"line":69,"column":8},"end":{"line":70,"column":72}},"type":"if","locations":[{"start":{"line":69,"column":8},"end":{"line":70,"column":72}},{"start":{"line":69,"column":8},"end":{"line":70,"column":72}}],"line":69},"7":{"loc":{"start":{"line":81,"column":12},"end":{"line":87,"column":13}},"type":"if","locations":[{"start":{"line":81,"column":12},"end":{"line":87,"column":13}},{"start":{"line":81,"column":12},"end":{"line":87,"column":13}}],"line":81}},"s":{"0":1,"1":1,"2":1,"3":1,"4":1,"5":1,"6":1,"7":8,"8":8,"9":5,"10":8,"11":1,"12":7,"13":1,"14":6,"15":6,"16":1,"17":5,"18":1,"19":1,"20":2,"21":1,"22":1,"23":1,"24":1,"25":1,"26":0,"27":1,"28":1,"29":1,"30":6001,"31":1,"32":2,"33":1,"34":1,"35":1,"36":1,"37":1,"38":1,"39":1,"40":1,"41":1,"42":6001,"43":6001,"44":0,"45":1,"46":1,"47":1,"48":1,"49":1,"50":1,"51":1,"52":1,"53":1,"54":1},"f":{"0":8,"1":8,"2":5,"3":1,"4":1,"5":1,"6":6001,"7":2,"8":6001},"b":{"0":[1,7],"1":[1,6],"2":[1,5],"3":[6,5],"4":[1,1,2,1],"5":[0,1],"6":[1,1],"7":[6001,0]},"_coverageSchema":"43e27e138ebf9cfc5966b082cf9a028302ed4184","hash":"42fe554920d4d3d493239be233d70b4535d2396b","contentHash":"5e4b99d10e5c7936a7e56dae068a66a0177337c7c5267049b6c345fb8083428a"}
,"/Users/ashish/Desktop/cdt/src/commands/bundlephobia.ts": {"path":"/Users/ashish/Desktop/cdt/src/commands/bundlephobia.ts","statementMap":{"0":{"start":{"line":2,"column":0},"end":{"line":2,"column":62}},"1":{"start":{"line":3,"column":18},"end":{"line":3,"column":43}},"2":{"start":{"line":4,"column":16},"end":{"line":4,"column":32}},"3":{"start":{"line":5,"column":14},"end":{"line":5,"column":30}},"4":{"start":{"line":6,"column":17},"end":{"line":6,"column":47}},"5":{"start":{"line":7,"column":20},"end":{"line":7,"column":53}},"6":{"start":{"line":18,"column":8},"end":{"line":19,"column":64}},"7":{"start":{"line":19,"column":12},"end":{"line":19,"column":64}},"8":{"start":{"line":20,"column":8},"end":{"line":20,"column":46}},"9":{"start":{"line":23,"column":8},"end":{"line":28,"column":63}},"10":{"start":{"line":24,"column":12},"end":{"line":24,"column":80}},"11":{"start":{"line":25,"column":13},"end":{"line":28,"column":63}},"12":{"start":{"line":26,"column":12},"end":{"line":26,"column":74}},"13":{"start":{"line":28,"column":12},"end":{"line":28,"column":63}},"14":{"start":{"line":32,"column":32},"end":{"line":32,"column":56}},"15":{"start":{"line":33,"column":8},"end":{"line":33,"column":54}},"16":{"start":{"line":34,"column":8},"end":{"line":34,"column":97}},"17":{"start":{"line":35,"column":8},"end":{"line":35,"column":42}},"18":{"start":{"line":36,"column":8},"end":{"line":36,"column":39}},"19":{"start":{"line":39,"column":23},"end":{"line":39,"column":25}},"20":{"start":{"line":40,"column":8},"end":{"line":41,"column":40}},"21":{"start":{"line":41,"column":12},"end":{"line":41,"column":40}},"22":{"start":{"line":42,"column":8},"end":{"line":43,"column":55}},"23":{"start":{"line":43,"column":12},"end":{"line":43,"column":55}},"24":{"start":{"line":45,"column":8},"end":{"line":48,"column":9}},"25":{"start":{"line":46,"column":29},"end":{"line":46,"column":88}},"26":{"start":{"line":47,"column":12},"end":{"line":47,"column":91}},"27":{"start":{"line":49,"column":8},"end":{"line":49,"column":24}},"28":{"start":{"line":53,"column":8},"end":{"line":54,"column":80}},"29":{"start":{"line":54,"column":12},"end":{"line":54,"column":80}},"30":{"start":{"line":58,"column":8},"end":{"line":58,"column":64}},"31":{"start":{"line":59,"column":19},"end":{"line":59,"column":20}},"32":{"start":{"line":60,"column":19},"end":{"line":60,"column":20}},"33":{"start":{"line":61,"column":30},"end":{"line":61,"column":31}},"34":{"start":{"line":62,"column":31},"end":{"line":62,"column":32}},"35":{"start":{"line":63,"column":27},"end":{"line":68,"column":10}},"36":{"start":{"line":64,"column":12},"end":{"line":67,"column":14}},"37":{"start":{"line":70,"column":16},"end":{"line":90,"column":10}},"38":{"start":{"line":71,"column":12},"end":{"line":79,"column":15}},"39":{"start":{"line":72,"column":16},"end":{"line":72,"column":35}},"40":{"start":{"line":73,"column":16},"end":{"line":73,"column":50}},"41":{"start":{"line":74,"column":16},"end":{"line":74,"column":50}},"42":{"start":{"line":75,"column":16},"end":{"line":75,"column":72}},"43":{"start":{"line":76,"column":16},"end":{"line":76,"column":98}},"44":{"start":{"line":78,"column":16},"end":{"line":78,"column":147}},"45":{"start":{"line":84,"column":12},"end":{"line":89,"column":16}},"46":{"start":{"line":93,"column":8},"end":{"line":93,"column":230}},"47":{"start":{"line":96,"column":8},"end":{"line":96,"column":206}},"48":{"start":{"line":99,"column":8},"end":{"line":101,"column":11}},"49":{"start":{"line":100,"column":12},"end":{"line":100,"column":47}},"50":{"start":{"line":104,"column":0},"end":{"line":104,"column":31}},"51":{"start":{"line":105,"column":0},"end":{"line":105,"column":110}},"52":{"start":{"line":106,"column":0},"end":{"line":114,"column":2}},"53":{"start":{"line":115,"column":0},"end":{"line":115,"column":42}}},"fnMap":{"0":{"name":"(anonymous_0)","decl":{"start":{"line":11,"column":4},"end":{"line":11,"column":5}},"loc":{"start":{"line":11,"column":41},"end":{"line":21,"column":5}},"line":11},"1":{"name":"(anonymous_1)","decl":{"start":{"line":22,"column":4},"end":{"line":22,"column":5}},"loc":{"start":{"line":22,"column":29},"end":{"line":29,"column":5}},"line":22},"2":{"name":"(anonymous_2)","decl":{"start":{"line":31,"column":4},"end":{"line":31,"column":5}},"loc":{"start":{"line":31,"column":16},"end":{"line":37,"column":5}},"line":31},"3":{"name":"(anonymous_3)","decl":{"start":{"line":38,"column":4},"end":{"line":38,"column":5}},"loc":{"start":{"line":38,"column":29},"end":{"line":50,"column":5}},"line":38},"4":{"name":"(anonymous_4)","decl":{"start":{"line":52,"column":4},"end":{"line":52,"column":5}},"loc":{"start":{"line":52,"column":33},"end":{"line":55,"column":5}},"line":52},"5":{"name":"(anonymous_5)","decl":{"start":{"line":57,"column":4},"end":{"line":57,"column":5}},"loc":{"start":{"line":57,"column":30},"end":{"line":91,"column":5}},"line":57},"6":{"name":"(anonymous_6)","decl":{"start":{"line":63,"column":45},"end":{"line":63,"column":46}},"loc":{"start":{"line":63,"column":54},"end":{"line":68,"column":9}},"line":63},"7":{"name":"(anonymous_7)","decl":{"start":{"line":70,"column":53},"end":{"line":70,"column":54}},"loc":{"start":{"line":70,"column":70},"end":{"line":81,"column":9}},"line":70},"8":{"name":"(anonymous_8)","decl":{"start":{"line":71,"column":61},"end":{"line":71,"column":62}},"loc":{"start":{"line":71,"column":80},"end":{"line":77,"column":13}},"line":71},"9":{"name":"(anonymous_9)","decl":{"start":{"line":77,"column":21},"end":{"line":77,"column":22}},"loc":{"start":{"line":77,"column":38},"end":{"line":79,"column":13}},"line":77},"10":{"name":"(anonymous_10)","decl":{"start":{"line":82,"column":18},"end":{"line":82,"column":19}},"loc":{"start":{"line":82,"column":24},"end":{"line":82,"column":27}},"line":82},"11":{"name":"(anonymous_11)","decl":{"start":{"line":82,"column":35},"end":{"line":82,"column":36}},"loc":{"start":{"line":82,"column":41},"end":{"line":82,"column":44}},"line":82},"12":{"name":"(anonymous_12)","decl":{"start":{"line":83,"column":21},"end":{"line":83,"column":22}},"loc":{"start":{"line":83,"column":27},"end":{"line":90,"column":9}},"line":83},"13":{"name":"(anonymous_13)","decl":{"start":{"line":92,"column":4},"end":{"line":92,"column":5}},"loc":{"start":{"line":92,"column":26},"end":{"line":94,"column":5}},"line":92},"14":{"name":"(anonymous_14)","decl":{"start":{"line":95,"column":4},"end":{"line":95,"column":5}},"loc":{"start":{"line":95,"column":28},"end":{"line":97,"column":5}},"line":95},"15":{"name":"(anonymous_15)","decl":{"start":{"line":98,"column":4},"end":{"line":98,"column":5}},"loc":{"start":{"line":98,"column":37},"end":{"line":102,"column":5}},"line":98},"16":{"name":"(anonymous_16)","decl":{"start":{"line":99,"column":43},"end":{"line":99,"column":44}},"loc":{"start":{"line":99,"column":50},"end":{"line":101,"column":9}},"line":99}},"branchMap":{"0":{"loc":{"start":{"line":18,"column":8},"end":{"line":19,"column":64}},"type":"if","locations":[{"start":{"line":18,"column":8},"end":{"line":19,"column":64}},{"start":{"line":18,"column":8},"end":{"line":19,"column":64}}],"line":18},"1":{"loc":{"start":{"line":23,"column":8},"end":{"line":28,"column":63}},"type":"if","locations":[{"start":{"line":23,"column":8},"end":{"line":28,"column":63}},{"start":{"line":23,"column":8},"end":{"line":28,"column":63}}],"line":23},"2":{"loc":{"start":{"line":25,"column":13},"end":{"line":28,"column":63}},"type":"if","locations":[{"start":{"line":25,"column":13},"end":{"line":28,"column":63}},{"start":{"line":25,"column":13},"end":{"line":28,"column":63}}],"line":25},"3":{"loc":{"start":{"line":40,"column":8},"end":{"line":41,"column":40}},"type":"if","locations":[{"start":{"line":40,"column":8},"end":{"line":41,"column":40}},{"start":{"line":40,"column":8},"end":{"line":41,"column":40}}],"line":40},"4":{"loc":{"start":{"line":42,"column":8},"end":{"line":43,"column":55}},"type":"if","locations":[{"start":{"line":42,"column":8},"end":{"line":43,"column":55}},{"start":{"line":42,"column":8},"end":{"line":43,"column":55}}],"line":42},"5":{"loc":{"start":{"line":45,"column":8},"end":{"line":48,"column":9}},"type":"if","locations":[{"start":{"line":45,"column":8},"end":{"line":48,"column":9}},{"start":{"line":45,"column":8},"end":{"line":48,"column":9}}],"line":45},"6":{"loc":{"start":{"line":53,"column":8},"end":{"line":54,"column":80}},"type":"if","locations":[{"start":{"line":53,"column":8},"end":{"line":54,"column":80}},{"start":{"line":53,"column":8},"end":{"line":54,"column":80}}],"line":53}},"s":{"0":1,"1":1,"2":1,"3":1,"4":1,"5":1,"6":1,"7":1,"8":1,"9":8,"10":0,"11":8,"12":8,"13":0,"14":3,"15":3,"16":3,"17":3,"18":2,"19":3,"20":3,"21":1,"22":3,"23":1,"24":3,"25":0,"26":0,"27":3,"28":3,"29":1,"30":2,"31":2,"32":2,"33":2,"34":2,"35":2,"36":3,"37":2,"38":3,"39":2,"40":2,"41":2,"42":2,"43":2,"44":1,"45":2,"46":2,"47":2,"48":0,"49":0,"50":1,"51":1,"52":1,"53":1},"f":{"0":1,"1":8,"2":3,"3":3,"4":3,"5":2,"6":3,"7":3,"8":2,"9":1,"10":2,"11":0,"12":2,"13":2,"14":2,"15":0,"16":0},"b":{"0":[1,0],"1":[0,8],"2":[8,0],"3":[1,2],"4":[1,2],"5":[0,3],"6":[1,2]},"_coverageSchema":"43e27e138ebf9cfc5966b082cf9a028302ed4184","hash":"1f2d348e8af020bb558552c84660281c774c6ad2","contentHash":"a4d84ce4f63494788a5a21dbf74a73c4b4783d20140b47bef01f2230d0df0701"}
,"/Users/ashish/Desktop/cdt/src/commands/crypto.ts": {"path":"/Users/ashish/Desktop/cdt/src/commands/crypto.ts","statementMap":{"0":{"start":{"line":2,"column":0},"end":{"line":2,"column":62}},"1":{"start":{"line":3,"column":18},"end":{"line":3,"column":43}},"2":{"start":{"line":4,"column":17},"end":{"line":4,"column":37}},"3":{"start":{"line":5,"column":17},"end":{"line":5,"column":47}},"4":{"start":{"line":6,"column":20},"end":{"line":6,"column":53}},"5":{"start":{"line":10,"column":32},"end":{"line":10,"column":50}},"6":{"start":{"line":11,"column":8},"end":{"line":11,"column":76}},"7":{"start":{"line":12,"column":8},"end":{"line":12,"column":75}},"8":{"start":{"line":13,"column":8},"end":{"line":13,"column":42}},"9":{"start":{"line":14,"column":8},"end":{"line":14,"column":81}},"10":{"start":{"line":17,"column":21},"end":{"line":17,"column":50}},"11":{"start":{"line":18,"column":8},"end":{"line":18,"column":85}},"12":{"start":{"line":20,"column":24},"end":{"line":22,"column":21}},"13":{"start":{"line":23,"column":8},"end":{"line":23,"column":55}},"14":{"start":{"line":26,"column":21},"end":{"line":26,"column":50}},"15":{"start":{"line":27,"column":8},"end":{"line":27,"column":85}},"16":{"start":{"line":29,"column":24},"end":{"line":31,"column":38}},"17":{"start":{"line":32,"column":8},"end":{"line":32,"column":55}},"18":{"start":{"line":35,"column":8},"end":{"line":50,"column":9}},"19":{"start":{"line":37,"column":16},"end":{"line":37,"column":36}},"20":{"start":{"line":39,"column":16},"end":{"line":39,"column":36}},"21":{"start":{"line":41,"column":16},"end":{"line":41,"column":42}},"22":{"start":{"line":43,"column":16},"end":{"line":43,"column":39}},"23":{"start":{"line":45,"column":16},"end":{"line":45,"column":36}},"24":{"start":{"line":47,"column":16},"end":{"line":47,"column":40}},"25":{"start":{"line":49,"column":16},"end":{"line":49,"column":98}},"26":{"start":{"line":54,"column":8},"end":{"line":55,"column":62}},"27":{"start":{"line":55,"column":12},"end":{"line":55,"column":62}},"28":{"start":{"line":56,"column":8},"end":{"line":57,"column":79}},"29":{"start":{"line":57,"column":12},"end":{"line":57,"column":79}},"30":{"start":{"line":58,"column":8},"end":{"line":59,"column":90}},"31":{"start":{"line":59,"column":12},"end":{"line":59,"column":90}},"32":{"start":{"line":60,"column":8},"end":{"line":61,"column":92}},"33":{"start":{"line":61,"column":12},"end":{"line":61,"column":92}},"34":{"start":{"line":64,"column":8},"end":{"line":65,"column":31}},"35":{"start":{"line":65,"column":12},"end":{"line":65,"column":31}},"36":{"start":{"line":66,"column":8},"end":{"line":66,"column":65}},"37":{"start":{"line":67,"column":8},"end":{"line":78,"column":9}},"38":{"start":{"line":69,"column":16},"end":{"line":69,"column":41}},"39":{"start":{"line":71,"column":16},"end":{"line":71,"column":41}},"40":{"start":{"line":73,"column":16},"end":{"line":73,"column":41}},"41":{"start":{"line":75,"column":16},"end":{"line":75,"column":41}},"42":{"start":{"line":77,"column":16},"end":{"line":77,"column":82}},"43":{"start":{"line":81,"column":0},"end":{"line":81,"column":25}},"44":{"start":{"line":82,"column":0},"end":{"line":82,"column":33}},"45":{"start":{"line":83,"column":0},"end":{"line":83,"column":33}},"46":{"start":{"line":84,"column":0},"end":{"line":84,"column":79}},"47":{"start":{"line":85,"column":0},"end":{"line":93,"column":2}},"48":{"start":{"line":94,"column":0},"end":{"line":94,"column":35}}},"fnMap":{"0":{"name":"(anonymous_0)","decl":{"start":{"line":9,"column":4},"end":{"line":9,"column":5}},"loc":{"start":{"line":9,"column":16},"end":{"line":15,"column":5}},"line":9},"1":{"name":"(anonymous_1)","decl":{"start":{"line":16,"column":4},"end":{"line":16,"column":5}},"loc":{"start":{"line":16,"column":25},"end":{"line":24,"column":5}},"line":16},"2":{"name":"(anonymous_2)","decl":{"start":{"line":25,"column":4},"end":{"line":25,"column":5}},"loc":{"start":{"line":25,"column":25},"end":{"line":33,"column":5}},"line":25},"3":{"name":"(anonymous_3)","decl":{"start":{"line":34,"column":4},"end":{"line":34,"column":5}},"loc":{"start":{"line":34,"column":24},"end":{"line":51,"column":5}},"line":34},"4":{"name":"(anonymous_4)","decl":{"start":{"line":53,"column":4},"end":{"line":53,"column":5}},"loc":{"start":{"line":53,"column":33},"end":{"line":62,"column":5}},"line":53},"5":{"name":"(anonymous_5)","decl":{"start":{"line":63,"column":4},"end":{"line":63,"column":5}},"loc":{"start":{"line":63,"column":25},"end":{"line":79,"column":5}},"line":63}},"branchMap":{"0":{"loc":{"start":{"line":12,"column":20},"end":{"line":12,"column":74}},"type":"cond-expr","locations":[{"start":{"line":12,"column":39},"end":{"line":12,"column":55}},{"start":{"line":12,"column":58},"end":{"line":12,"column":74}}],"line":12},"1":{"loc":{"start":{"line":14,"column":8},"end":{"line":14,"column":80}},"type":"cond-expr","locations":[{"start":{"line":14,"column":27},"end":{"line":14,"column":52}},{"start":{"line":14,"column":55},"end":{"line":14,"column":80}}],"line":14},"2":{"loc":{"start":{"line":35,"column":8},"end":{"line":50,"column":9}},"type":"switch","locations":[{"start":{"line":36,"column":12},"end":{"line":37,"column":36}},{"start":{"line":38,"column":12},"end":{"line":39,"column":36}},{"start":{"line":40,"column":12},"end":{"line":41,"column":42}},{"start":{"line":42,"column":12},"end":{"line":43,"column":39}},{"start":{"line":44,"column":12},"end":{"line":45,"column":36}},{"start":{"line":46,"column":12},"end":{"line":47,"column":40}},{"start":{"line":48,"column":12},"end":{"line":49,"column":98}}],"line":35},"3":{"loc":{"start":{"line":54,"column":8},"end":{"line":55,"column":62}},"type":"if","locations":[{"start":{"line":54,"column":8},"end":{"line":55,"column":62}},{"start":{"line":54,"column":8},"end":{"line":55,"column":62}}],"line":54},"4":{"loc":{"start":{"line":56,"column":8},"end":{"line":57,"column":79}},"type":"if","locations":[{"start":{"line":56,"column":8},"end":{"line":57,"column":79}},{"start":{"line":56,"column":8},"end":{"line":57,"column":79}}],"line":56},"5":{"loc":{"start":{"line":56,"column":12},"end":{"line":56,"column":59}},"type":"binary-expr","locations":[{"start":{"line":56,"column":12},"end":{"line":56,"column":37}},{"start":{"line":56,"column":41},"end":{"line":56,"column":59}}],"line":56},"6":{"loc":{"start":{"line":58,"column":8},"end":{"line":59,"column":90}},"type":"if","locations":[{"start":{"line":58,"column":8},"end":{"line":59,"column":90}},{"start":{"line":58,"column":8},"end":{"line":59,"column":90}}],"line":58},"7":{"loc":{"start":{"line":58,"column":12},"end":{"line":58,"column":48}},"type":"binary-expr","locations":[{"start":{"line":58,"column":12},"end":{"line":58,"column":28}},{"start":{"line":58,"column":32},"end":{"line":58,"column":48}}],"line":58},"8":{"loc":{"start":{"line":60,"column":8},"end":{"line":61,"column":92}},"type":"if","locations":[{"start":{"line":60,"column":8},"end":{"line":61,"column":92}},{"start":{"line":60,"column":8},"end":{"line":61,"column":92}}],"line":60},"9":{"loc":{"start":{"line":60,"column":14},"end":{"line":60,"column":50}},"type":"binary-expr","locations":[{"start":{"line":60,"column":14},"end":{"line":60,"column":30}},{"start":{"line":60,"column":34},"end":{"line":60,"column":50}}],"line":60},"10":{"loc":{"start":{"line":64,"column":8},"end":{"line":65,"column":31}},"type":"if","locations":[{"start":{"line":64,"column":8},"end":{"line":65,"column":31}},{"start":{"line":64,"column":8},"end":{"line":65,"column":31}}],"line":64},"11":{"loc":{"start":{"line":67,"column":8},"end":{"line":78,"column":9}},"type":"switch","locations":[{"start":{"line":68,"column":12},"end":{"line":69,"column":41}},{"start":{"line":70,"column":12},"end":{"line":71,"column":41}},{"start":{"line":72,"column":12},"end":{"line":73,"column":41}},{"start":{"line":74,"column":12},"end":{"line":75,"column":41}},{"start":{"line":76,"column":12},"end":{"line":77,"column":82}}],"line":67}},"s":{"0":1,"1":1,"2":1,"3":1,"4":1,"5":13,"6":13,"7":13,"8":13,"9":9,"10":1,"11":1,"12":1,"13":0,"14":8,"15":8,"16":8,"17":8,"18":9,"19":3,"20":2,"21":1,"22":1,"23":1,"24":1,"25":0,"26":13,"27":1,"28":12,"29":1,"30":11,"31":1,"32":10,"33":1,"34":9,"35":7,"36":9,"37":9,"38":7,"39":0,"40":0,"41":1,"42":1,"43":1,"44":1,"45":1,"46":1,"47":1,"48":1},"f":{"0":13,"1":1,"2":8,"3":9,"4":13,"5":9},"b":{"0":[4,9],"1":[1,8],"2":[3,2,1,1,1,1,0],"3":[1,12],"4":[1,11],"5":[12,11],"6":[1,10],"7":[11,2],"8":[1,9],"9":[10,9],"10":[7,2],"11":[7,0,0,1,1]},"_coverageSchema":"43e27e138ebf9cfc5966b082cf9a028302ed4184","hash":"99dc9b235d60b510982092efd361167da01af4f3","contentHash":"db203ede186fca6c580163ab5a22cda85b18ddc0145da0fe6a65109682cd37cb"}
,"/Users/ashish/Desktop/cdt/src/commands/datetime.ts": {"path":"/Users/ashish/Desktop/cdt/src/commands/datetime.ts","statementMap":{"0":{"start":{"line":2,"column":0},"end":{"line":2,"column":62}},"1":{"start":{"line":3,"column":18},"end":{"line":3,"column":43}},"2":{"start":{"line":4,"column":14},"end":{"line":4,"column":30}},"3":{"start":{"line":5,"column":15},"end":{"line":5,"column":41}},"4":{"start":{"line":7,"column":0},"end":{"line":7,"column":42}},"5":{"start":{"line":8,"column":17},"end":{"line":8,"column":47}},"6":{"start":{"line":13,"column":32},"end":{"line":13,"column":52}},"7":{"start":{"line":14,"column":8},"end":{"line":14,"column":52}},"8":{"start":{"line":15,"column":8},"end":{"line":15,"column":50}},"9":{"start":{"line":16,"column":8},"end":{"line":16,"column":50}},"10":{"start":{"line":17,"column":8},"end":{"line":17,"column":54}},"11":{"start":{"line":18,"column":8},"end":{"line":18,"column":135}},"12":{"start":{"line":19,"column":8},"end":{"line":19,"column":77}},"13":{"start":{"line":20,"column":8},"end":{"line":20,"column":77}},"14":{"start":{"line":21,"column":8},"end":{"line":21,"column":81}},"15":{"start":{"line":22,"column":8},"end":{"line":22,"column":58}},"16":{"start":{"line":23,"column":8},"end":{"line":23,"column":42}},"17":{"start":{"line":24,"column":8},"end":{"line":24,"column":99}},"18":{"start":{"line":28,"column":8},"end":{"line":31,"column":41}},"19":{"start":{"line":29,"column":12},"end":{"line":29,"column":34}},"20":{"start":{"line":31,"column":12},"end":{"line":31,"column":41}},"21":{"start":{"line":35,"column":8},"end":{"line":38,"column":24}},"22":{"start":{"line":36,"column":12},"end":{"line":36,"column":32}},"23":{"start":{"line":38,"column":12},"end":{"line":38,"column":24}},"24":{"start":{"line":42,"column":8},"end":{"line":47,"column":35}},"25":{"start":{"line":43,"column":12},"end":{"line":43,"column":35}},"26":{"start":{"line":44,"column":13},"end":{"line":47,"column":35}},"27":{"start":{"line":45,"column":12},"end":{"line":45,"column":36}},"28":{"start":{"line":47,"column":12},"end":{"line":47,"column":35}},"29":{"start":{"line":48,"column":8},"end":{"line":48,"column":26}},"30":{"start":{"line":52,"column":8},"end":{"line":55,"column":48}},"31":{"start":{"line":53,"column":12},"end":{"line":53,"column":55}},"32":{"start":{"line":55,"column":12},"end":{"line":55,"column":48}},"33":{"start":{"line":57,"column":8},"end":{"line":57,"column":34}},"34":{"start":{"line":58,"column":8},"end":{"line":58,"column":20}},"35":{"start":{"line":62,"column":8},"end":{"line":63,"column":71}},"36":{"start":{"line":63,"column":12},"end":{"line":63,"column":71}},"37":{"start":{"line":67,"column":8},"end":{"line":67,"column":68}},"38":{"start":{"line":70,"column":0},"end":{"line":70,"column":27}},"39":{"start":{"line":71,"column":0},"end":{"line":71,"column":47}},"40":{"start":{"line":72,"column":0},"end":{"line":72,"column":56}},"41":{"start":{"line":73,"column":0},"end":{"line":79,"column":2}},"42":{"start":{"line":80,"column":0},"end":{"line":80,"column":35}}},"fnMap":{"0":{"name":"(anonymous_0)","decl":{"start":{"line":12,"column":4},"end":{"line":12,"column":5}},"loc":{"start":{"line":12,"column":16},"end":{"line":25,"column":5}},"line":12},"1":{"name":"(anonymous_1)","decl":{"start":{"line":27,"column":4},"end":{"line":27,"column":5}},"loc":{"start":{"line":27,"column":29},"end":{"line":32,"column":5}},"line":27},"2":{"name":"(anonymous_2)","decl":{"start":{"line":34,"column":4},"end":{"line":34,"column":5}},"loc":{"start":{"line":34,"column":27},"end":{"line":39,"column":5}},"line":34},"3":{"name":"(anonymous_3)","decl":{"start":{"line":40,"column":4},"end":{"line":40,"column":5}},"loc":{"start":{"line":40,"column":31},"end":{"line":49,"column":5}},"line":40},"4":{"name":"(anonymous_4)","decl":{"start":{"line":50,"column":4},"end":{"line":50,"column":5}},"loc":{"start":{"line":50,"column":31},"end":{"line":59,"column":5}},"line":50},"5":{"name":"(anonymous_5)","decl":{"start":{"line":61,"column":4},"end":{"line":61,"column":5}},"loc":{"start":{"line":61,"column":33},"end":{"line":64,"column":5}},"line":61},"6":{"name":"(anonymous_6)","decl":{"start":{"line":66,"column":4},"end":{"line":66,"column":5}},"loc":{"start":{"line":66,"column":27},"end":{"line":68,"column":5}},"line":66}},"branchMap":{"0":{"loc":{"start":{"line":18,"column":53},"end":{"line":18,"column":131}},"type":"cond-expr","locations":[{"start":{"line":18,"column":65},"end":{"line":18,"column":74}},{"start":{"line":18,"column":77},"end":{"line":18,"column":131}}],"line":18},"1":{"loc":{"start":{"line":28,"column":8},"end":{"line":31,"column":41}},"type":"if","locations":[{"start":{"line":28,"column":8},"end":{"line":31,"column":41}},{"start":{"line":28,"column":8},"end":{"line":31,"column":41}}],"line":28},"2":{"loc":{"start":{"line":35,"column":8},"end":{"line":38,"column":24}},"type":"if","locations":[{"start":{"line":35,"column":8},"end":{"line":38,"column":24}},{"start":{"line":35,"column":8},"end":{"line":38,"column":24}}],"line":35},"3":{"loc":{"start":{"line":42,"column":8},"end":{"line":47,"column":35}},"type":"if","locations":[{"start":{"line":42,"column":8},"end":{"line":47,"column":35}},{"start":{"line":42,"column":8},"end":{"line":47,"column":35}}],"line":42},"4":{"loc":{"start":{"line":44,"column":13},"end":{"line":47,"column":35}},"type":"if","locations":[{"start":{"line":44,"column":13},"end":{"line":47,"column":35}},{"start":{"line":44,"column":13},"end":{"line":47,"column":35}}],"line":44},"5":{"loc":{"start":{"line":52,"column":8},"end":{"line":55,"column":48}},"type":"if","locations":[{"start":{"line":52,"column":8},"end":{"line":55,"column":48}},{"start":{"line":52,"column":8},"end":{"line":55,"column":48}}],"line":52},"6":{"loc":{"start":{"line":62,"column":8},"end":{"line":63,"column":71}},"type":"if","locations":[{"start":{"line":62,"column":8},"end":{"line":63,"column":71}},{"start":{"line":62,"column":8},"end":{"line":63,"column":71}}],"line":62},"7":{"loc":{"start":{"line":67,"column":15},"end":{"line":67,"column":67}},"type":"cond-expr","locations":[{"start":{"line":67,"column":30},"end":{"line":67,"column":42}},{"start":{"line":67,"column":45},"end":{"line":67,"column":67}}],"line":67}},"s":{"0":1,"1":1,"2":1,"3":1,"4":1,"5":1,"6":6,"7":6,"8":6,"9":6,"10":6,"11":6,"12":6,"13":6,"14":6,"15":6,"16":6,"17":3,"18":6,"19":0,"20":6,"21":6,"22":1,"23":5,"24":6,"25":5,"26":1,"27":1,"28":0,"29":6,"30":6,"31":6,"32":0,"33":6,"34":6,"35":6,"36":3,"37":6,"38":1,"39":1,"40":1,"41":1,"42":1},"f":{"0":6,"1":6,"2":6,"3":6,"4":6,"5":6,"6":6},"b":{"0":[6,0],"1":[0,6],"2":[1,5],"3":[5,1],"4":[1,0],"5":[6,0],"6":[3,3],"7":[1,5]},"_coverageSchema":"43e27e138ebf9cfc5966b082cf9a028302ed4184","hash":"98b11ef3145f7d584bf285df02c50c5dbf5f9161","contentHash":"b0daa0bd4c51a2ddf0420542734ffdd69afed9dc733e969430b34053412017d3"}
,"/Users/ashish/Desktop/cdt/src/commands/hash.ts": {"path":"/Users/ashish/Desktop/cdt/src/commands/hash.ts","statementMap":{"0":{"start":{"line":2,"column":0},"end":{"line":2,"column":62}},"1":{"start":{"line":3,"column":18},"end":{"line":3,"column":43}},"2":{"start":{"line":4,"column":17},"end":{"line":4,"column":37}},"3":{"start":{"line":5,"column":17},"end":{"line":5,"column":47}},"4":{"start":{"line":6,"column":20},"end":{"line":6,"column":53}},"5":{"start":{"line":12,"column":32},"end":{"line":12,"column":48}},"6":{"start":{"line":13,"column":8},"end":{"line":13,"column":45}},"7":{"start":{"line":14,"column":8},"end":{"line":14,"column":76}},"8":{"start":{"line":16,"column":8},"end":{"line":16,"column":42}},"9":{"start":{"line":17,"column":8},"end":{"line":17,"column":40}},"10":{"start":{"line":22,"column":8},"end":{"line":23,"column":79}},"11":{"start":{"line":23,"column":12},"end":{"line":23,"column":79}},"12":{"start":{"line":26,"column":27},"end":{"line":26,"column":52}},"13":{"start":{"line":28,"column":21},"end":{"line":28,"column":44}},"14":{"start":{"line":29,"column":8},"end":{"line":29,"column":82}},"15":{"start":{"line":30,"column":8},"end":{"line":32,"column":9}},"16":{"start":{"line":31,"column":12},"end":{"line":31,"column":78}},"17":{"start":{"line":52,"column":8},"end":{"line":66,"column":9}},"18":{"start":{"line":54,"column":16},"end":{"line":54,"column":37}},"19":{"start":{"line":56,"column":16},"end":{"line":56,"column":39}},"20":{"start":{"line":58,"column":16},"end":{"line":58,"column":39}},"21":{"start":{"line":60,"column":16},"end":{"line":60,"column":36}},"22":{"start":{"line":63,"column":16},"end":{"line":63,"column":42}},"23":{"start":{"line":65,"column":16},"end":{"line":65,"column":81}},"24":{"start":{"line":69,"column":8},"end":{"line":69,"column":36}},"25":{"start":{"line":72,"column":0},"end":{"line":72,"column":23}},"26":{"start":{"line":73,"column":0},"end":{"line":73,"column":61}},"27":{"start":{"line":74,"column":0},"end":{"line":81,"column":2}},"28":{"start":{"line":82,"column":0},"end":{"line":82,"column":33}}},"fnMap":{"0":{"name":"(anonymous_0)","decl":{"start":{"line":11,"column":4},"end":{"line":11,"column":5}},"loc":{"start":{"line":11,"column":16},"end":{"line":18,"column":5}},"line":11},"1":{"name":"(anonymous_1)","decl":{"start":{"line":21,"column":4},"end":{"line":21,"column":5}},"loc":{"start":{"line":21,"column":33},"end":{"line":24,"column":5}},"line":21},"2":{"name":"(anonymous_2)","decl":{"start":{"line":25,"column":4},"end":{"line":25,"column":5}},"loc":{"start":{"line":25,"column":31},"end":{"line":33,"column":5}},"line":25},"3":{"name":"(anonymous_3)","decl":{"start":{"line":51,"column":4},"end":{"line":51,"column":5}},"loc":{"start":{"line":51,"column":25},"end":{"line":67,"column":5}},"line":51},"4":{"name":"(anonymous_4)","decl":{"start":{"line":68,"column":4},"end":{"line":68,"column":5}},"loc":{"start":{"line":68,"column":23},"end":{"line":70,"column":5}},"line":68}},"branchMap":{"0":{"loc":{"start":{"line":22,"column":8},"end":{"line":23,"column":79}},"type":"if","locations":[{"start":{"line":22,"column":8},"end":{"line":23,"column":79}},{"start":{"line":22,"column":8},"end":{"line":23,"column":79}}],"line":22},"1":{"loc":{"start":{"line":22,"column":12},"end":{"line":22,"column":59}},"type":"binary-expr","locations":[{"start":{"line":22,"column":12},"end":{"line":22,"column":37}},{"start":{"line":22,"column":41},"end":{"line":22,"column":59}}],"line":22},"2":{"loc":{"start":{"line":30,"column":8},"end":{"line":32,"column":9}},"type":"if","locations":[{"start":{"line":30,"column":8},"end":{"line":32,"column":9}},{"start":{"line":30,"column":8},"end":{"line":32,"column":9}}],"line":30},"3":{"loc":{"start":{"line":52,"column":8},"end":{"line":66,"column":9}},"type":"switch","locations":[{"start":{"line":53,"column":12},"end":{"line":54,"column":37}},{"start":{"line":55,"column":12},"end":{"line":56,"column":39}},{"start":{"line":57,"column":12},"end":{"line":58,"column":39}},{"start":{"line":59,"column":12},"end":{"line":60,"column":36}},{"start":{"line":61,"column":12},"end":{"line":61,"column":26}},{"start":{"line":62,"column":12},"end":{"line":63,"column":42}},{"start":{"line":64,"column":12},"end":{"line":65,"column":81}}],"line":52},"4":{"loc":{"start":{"line":69,"column":15},"end":{"line":69,"column":35}},"type":"binary-expr","locations":[{"start":{"line":69,"column":15},"end":{"line":69,"column":25}},{"start":{"line":69,"column":29},"end":{"line":69,"column":35}}],"line":69}},"s":{"0":1,"1":1,"2":1,"3":1,"4":1,"5":15,"6":15,"7":15,"8":14,"9":13,"10":14,"11":1,"12":13,"13":12,"14":12,"15":12,"16":1,"17":13,"18":5,"19":1,"20":4,"21":1,"22":1,"23":1,"24":15,"25":1,"26":1,"27":1,"28":1},"f":{"0":15,"1":14,"2":13,"3":13,"4":15},"b":{"0":[1,13],"1":[14,13],"2":[1,11],"3":[5,1,4,1,1,1,1],"4":[15,5]},"_coverageSchema":"43e27e138ebf9cfc5966b082cf9a028302ed4184","hash":"614485fe10c2a36db240d4b94498da69bb0d2ac5","contentHash":"bb3acf9d3bbb6b3d2d75eade8170f6f720baf87b1a0409f57134a379f130bd24"}
,"/Users/ashish/Desktop/cdt/src/commands/minify.ts": {"path":"/Users/ashish/Desktop/cdt/src/commands/minify.ts","statementMap":{"0":{"start":{"line":2,"column":0},"end":{"line":2,"column":62}},"1":{"start":{"line":3,"column":18},"end":{"line":3,"column":43}},"2":{"start":{"line":4,"column":17},"end":{"line":4,"column":34}},"3":{"start":{"line":5,"column":17},"end":{"line":5,"column":47}},"4":{"start":{"line":6,"column":20},"end":{"line":6,"column":53}},"5":{"start":{"line":10,"column":32},"end":{"line":10,"column":50}},"6":{"start":{"line":11,"column":8},"end":{"line":11,"column":50}},"7":{"start":{"line":12,"column":8},"end":{"line":12,"column":47}},"8":{"start":{"line":13,"column":8},"end":{"line":13,"column":51}},"9":{"start":{"line":14,"column":8},"end":{"line":14,"column":66}},"10":{"start":{"line":15,"column":8},"end":{"line":15,"column":64}},"11":{"start":{"line":16,"column":8},"end":{"line":16,"column":42}},"12":{"start":{"line":17,"column":8},"end":{"line":17,"column":39}},"13":{"start":{"line":21,"column":8},"end":{"line":22,"column":61}},"14":{"start":{"line":22,"column":12},"end":{"line":22,"column":61}},"15":{"start":{"line":23,"column":33},"end":{"line":23,"column":48}},"16":{"start":{"line":24,"column":24},"end":{"line":24,"column":62}},"17":{"start":{"line":25,"column":8},"end":{"line":25,"column":56}},"18":{"start":{"line":28,"column":8},"end":{"line":39,"column":9}},"19":{"start":{"line":31,"column":16},"end":{"line":31,"column":33}},"20":{"start":{"line":33,"column":16},"end":{"line":33,"column":34}},"21":{"start":{"line":36,"column":16},"end":{"line":36,"column":35}},"22":{"start":{"line":38,"column":16},"end":{"line":38,"column":66}},"23":{"start":{"line":44,"column":8},"end":{"line":44,"column":70}},"24":{"start":{"line":47,"column":8},"end":{"line":48,"column":29}},"25":{"start":{"line":48,"column":12},"end":{"line":48,"column":29}},"26":{"start":{"line":49,"column":8},"end":{"line":50,"column":30}},"27":{"start":{"line":50,"column":12},"end":{"line":50,"column":30}},"28":{"start":{"line":51,"column":8},"end":{"line":51,"column":61}},"29":{"start":{"line":55,"column":8},"end":{"line":56,"column":63}},"30":{"start":{"line":56,"column":12},"end":{"line":56,"column":63}},"31":{"start":{"line":62,"column":8},"end":{"line":62,"column":61}},"32":{"start":{"line":63,"column":21},"end":{"line":63,"column":23}},"33":{"start":{"line":65,"column":8},"end":{"line":77,"column":9}},"34":{"start":{"line":67,"column":16},"end":{"line":67,"column":50}},"35":{"start":{"line":68,"column":16},"end":{"line":68,"column":22}},"36":{"start":{"line":70,"column":16},"end":{"line":70,"column":51}},"37":{"start":{"line":71,"column":16},"end":{"line":71,"column":22}},"38":{"start":{"line":73,"column":16},"end":{"line":73,"column":52}},"39":{"start":{"line":74,"column":16},"end":{"line":74,"column":22}},"40":{"start":{"line":76,"column":16},"end":{"line":76,"column":70}},"41":{"start":{"line":78,"column":8},"end":{"line":78,"column":76}},"42":{"start":{"line":80,"column":8},"end":{"line":84,"column":75}},"43":{"start":{"line":81,"column":12},"end":{"line":81,"column":78}},"44":{"start":{"line":84,"column":12},"end":{"line":84,"column":75}},"45":{"start":{"line":87,"column":0},"end":{"line":87,"column":25}},"46":{"start":{"line":88,"column":0},"end":{"line":88,"column":37}},"47":{"start":{"line":89,"column":0},"end":{"line":94,"column":2}},"48":{"start":{"line":95,"column":0},"end":{"line":95,"column":33}},"49":{"start":{"line":96,"column":0},"end":{"line":96,"column":17}},"50":{"start":{"line":97,"column":0},"end":{"line":97,"column":21}},"51":{"start":{"line":98,"column":0},"end":{"line":98,"column":19}}},"fnMap":{"0":{"name":"(anonymous_0)","decl":{"start":{"line":9,"column":4},"end":{"line":9,"column":5}},"loc":{"start":{"line":9,"column":16},"end":{"line":18,"column":5}},"line":9},"1":{"name":"(anonymous_1)","decl":{"start":{"line":20,"column":4},"end":{"line":20,"column":5}},"loc":{"start":{"line":20,"column":29},"end":{"line":26,"column":5}},"line":20},"2":{"name":"(anonymous_2)","decl":{"start":{"line":27,"column":4},"end":{"line":27,"column":5}},"loc":{"start":{"line":27,"column":40},"end":{"line":40,"column":5}},"line":27},"3":{"name":"(anonymous_3)","decl":{"start":{"line":43,"column":4},"end":{"line":43,"column":5}},"loc":{"start":{"line":43,"column":24},"end":{"line":45,"column":5}},"line":43},"4":{"name":"(anonymous_4)","decl":{"start":{"line":46,"column":4},"end":{"line":46,"column":5}},"loc":{"start":{"line":46,"column":29},"end":{"line":52,"column":5}},"line":46},"5":{"name":"(anonymous_5)","decl":{"start":{"line":54,"column":4},"end":{"line":54,"column":5}},"loc":{"start":{"line":54,"column":33},"end":{"line":58,"column":5}},"line":54},"6":{"name":"(anonymous_6)","decl":{"start":{"line":61,"column":4},"end":{"line":61,"column":5}},"loc":{"start":{"line":61,"column":30},"end":{"line":85,"column":5}},"line":61}},"branchMap":{"0":{"loc":{"start":{"line":21,"column":8},"end":{"line":22,"column":61}},"type":"if","locations":[{"start":{"line":21,"column":8},"end":{"line":22,"column":61}},{"start":{"line":21,"column":8},"end":{"line":22,"column":61}}],"line":21},"1":{"loc":{"start":{"line":28,"column":8},"end":{"line":39,"column":9}},"type":"switch","locations":[{"start":{"line":29,"column":12},"end":{"line":29,"column":22}},{"start":{"line":30,"column":12},"end":{"line":31,"column":33}},{"start":{"line":32,"column":12},"end":{"line":33,"column":34}},{"start":{"line":34,"column":12},"end":{"line":34,"column":24}},{"start":{"line":35,"column":12},"end":{"line":36,"column":35}},{"start":{"line":37,"column":12},"end":{"line":38,"column":66}}],"line":28},"2":{"loc":{"start":{"line":47,"column":8},"end":{"line":48,"column":29}},"type":"if","locations":[{"start":{"line":47,"column":8},"end":{"line":48,"column":29}},{"start":{"line":47,"column":8},"end":{"line":48,"column":29}}],"line":47},"3":{"loc":{"start":{"line":49,"column":8},"end":{"line":50,"column":30}},"type":"if","locations":[{"start":{"line":49,"column":8},"end":{"line":50,"column":30}},{"start":{"line":49,"column":8},"end":{"line":50,"column":30}}],"line":49},"4":{"loc":{"start":{"line":55,"column":8},"end":{"line":56,"column":63}},"type":"if","locations":[{"start":{"line":55,"column":8},"end":{"line":56,"column":63}},{"start":{"line":55,"column":8},"end":{"line":56,"column":63}}],"line":55},"5":{"loc":{"start":{"line":55,"column":12},"end":{"line":55,"column":55}},"type":"binary-expr","locations":[{"start":{"line":55,"column":12},"end":{"line":55,"column":35}},{"start":{"line":55,"column":39},"end":{"line":55,"column":55}}],"line":55},"6":{"loc":{"start":{"line":65,"column":8},"end":{"line":77,"column":9}},"type":"switch","locations":[{"start":{"line":66,"column":12},"end":{"line":68,"column":22}},{"start":{"line":69,"column":12},"end":{"line":71,"column":22}},{"start":{"line":72,"column":12},"end":{"line":74,"column":22}},{"start":{"line":75,"column":12},"end":{"line":76,"column":70}}],"line":65},"7":{"loc":{"start":{"line":80,"column":8},"end":{"line":84,"column":75}},"type":"if","locations":[{"start":{"line":80,"column":8},"end":{"line":84,"column":75}},{"start":{"line":80,"column":8},"end":{"line":84,"column":75}}],"line":80}},"s":{"0":1,"1":1,"2":1,"3":1,"4":1,"5":7,"6":7,"7":6,"8":6,"9":5,"10":5,"11":5,"12":5,"13":6,"14":0,"15":6,"16":6,"17":6,"18":6,"19":2,"20":2,"21":1,"22":1,"23":6,"24":7,"25":2,"26":5,"27":4,"28":1,"29":5,"30":0,"31":5,"32":5,"33":5,"34":2,"35":2,"36":2,"37":2,"38":1,"39":1,"40":0,"41":5,"42":5,"43":1,"44":4,"45":1,"46":1,"47":1,"48":1,"49":1,"50":1,"51":1},"f":{"0":7,"1":6,"2":6,"3":6,"4":7,"5":5,"6":5},"b":{"0":[0,6],"1":[2,2,2,1,1,1],"2":[2,5],"3":[4,1],"4":[0,5],"5":[5,5],"6":[2,2,1,0],"7":[1,4]},"_coverageSchema":"43e27e138ebf9cfc5966b082cf9a028302ed4184","hash":"869d3fee656c05bb185aa7958e0904444a8dcfd5","contentHash":"f425dd6febe920aa959c843bf808e3842465a42ef25e190826d8e20d4b19742d"}
,"/Users/ashish/Desktop/cdt/src/utilities/logger.ts": {"path":"/Users/ashish/Desktop/cdt/src/utilities/logger.ts","statementMap":{"0":{"start":{"line":2,"column":0},"end":{"line":2,"column":62}},"1":{"start":{"line":4,"column":12},"end":{"line":4,"column":26}},"2":{"start":{"line":5,"column":16},"end":{"line":5,"column":34}},"3":{"start":{"line":11,"column":8},"end":{"line":11,"column":38}},"4":{"start":{"line":15,"column":8},"end":{"line":15,"column":35}},"5":{"start":{"line":18,"column":8},"end":{"line":18,"column":36}},"6":{"start":{"line":19,"column":8},"end":{"line":19,"column":24}},"7":{"start":{"line":23,"column":8},"end":{"line":23,"column":35}},"8":{"start":{"line":28,"column":8},"end":{"line":28,"column":38}},"9":{"start":{"line":29,"column":8},"end":{"line":29,"column":31}},"10":{"start":{"line":33,"column":8},"end":{"line":33,"column":40}},"11":{"start":{"line":37,"column":8},"end":{"line":37,"column":37}},"12":{"start":{"line":40,"column":0},"end":{"line":40,"column":25}}},"fnMap":{"0":{"name":"(anonymous_0)","decl":{"start":{"line":10,"column":4},"end":{"line":10,"column":5}},"loc":{"start":{"line":10,"column":37},"end":{"line":12,"column":5}},"line":10},"1":{"name":"(anonymous_1)","decl":{"start":{"line":14,"column":4},"end":{"line":14,"column":5}},"loc":{"start":{"line":14,"column":34},"end":{"line":16,"column":5}},"line":14},"2":{"name":"(anonymous_2)","decl":{"start":{"line":17,"column":4},"end":{"line":17,"column":5}},"loc":{"start":{"line":17,"column":35},"end":{"line":20,"column":5}},"line":17},"3":{"name":"(anonymous_3)","decl":{"start":{"line":22,"column":4},"end":{"line":22,"column":5}},"loc":{"start":{"line":22,"column":34},"end":{"line":24,"column":5}},"line":22},"4":{"name":"(anonymous_4)","decl":{"start":{"line":26,"column":4},"end":{"line":26,"column":5}},"loc":{"start":{"line":26,"column":43},"end":{"line":30,"column":5}},"line":26},"5":{"name":"(anonymous_5)","decl":{"start":{"line":32,"column":4},"end":{"line":32,"column":5}},"loc":{"start":{"line":32,"column":42},"end":{"line":34,"column":5}},"line":32},"6":{"name":"(anonymous_6)","decl":{"start":{"line":36,"column":4},"end":{"line":36,"column":5}},"loc":{"start":{"line":36,"column":47},"end":{"line":38,"column":5}},"line":36}},"branchMap":{},"s":{"0":1,"1":1,"2":1,"3":34,"4":62,"5":19,"6":19,"7":3,"8":7,"9":7,"10":7,"11":1,"12":1},"f":{"0":34,"1":62,"2":19,"3":3,"4":7,"5":7,"6":1},"b":{},"_coverageSchema":"43e27e138ebf9cfc5966b082cf9a028302ed4184","hash":"09f41df52b0af2697a225d96bc5cefda71bb9c11","contentHash":"e34194a2163f48dbbbc4fe86061235e1c424ad3322659e803ffb87d6772f9fb2"}
,"/Users/ashish/Desktop/cdt/src/utilities/utilities.ts": {"path":"/Users/ashish/Desktop/cdt/src/utilities/utilities.ts","statementMap":{"0":{"start":{"line":2,"column":0},"end":{"line":2,"column":62}},"1":{"start":{"line":3,"column":14},"end":{"line":3,"column":30}},"2":{"start":{"line":4,"column":11},"end":{"line":4,"column":24}},"3":{"start":{"line":5,"column":17},"end":{"line":5,"column":36}},"4":{"start":{"line":9,"column":22},"end":{"line":9,"column":24}},"5":{"start":{"line":10,"column":8},"end":{"line":16,"column":9}},"6":{"start":{"line":11,"column":12},"end":{"line":11,"column":91}},"7":{"start":{"line":14,"column":29},"end":{"line":14,"column":54}},"8":{"start":{"line":15,"column":12},"end":{"line":15,"column":44}},"9":{"start":{"line":17,"column":8},"end":{"line":17,"column":23}},"10":{"start":{"line":20,"column":8},"end":{"line":31,"column":9}},"11":{"start":{"line":21,"column":12},"end":{"line":21,"column":91}},"12":{"start":{"line":24,"column":29},"end":{"line":24,"column":62}},"13":{"start":{"line":25,"column":12},"end":{"line":30,"column":13}},"14":{"start":{"line":26,"column":16},"end":{"line":26,"column":46}},"15":{"start":{"line":29,"column":16},"end":{"line":29,"column":81}},"16":{"start":{"line":35,"column":8},"end":{"line":42,"column":31}},"17":{"start":{"line":36,"column":12},"end":{"line":36,"column":32}},"18":{"start":{"line":37,"column":13},"end":{"line":42,"column":31}},"19":{"start":{"line":38,"column":12},"end":{"line":38,"column":87}},"20":{"start":{"line":39,"column":12},"end":{"line":39,"column":68}},"21":{"start":{"line":42,"column":12},"end":{"line":42,"column":31}},"22":{"start":{"line":45,"column":8},"end":{"line":48,"column":131}},"23":{"start":{"line":46,"column":12},"end":{"line":46,"column":116}},"24":{"start":{"line":48,"column":12},"end":{"line":48,"column":131}},"25":{"start":{"line":49,"column":8},"end":{"line":49,"column":43}},"26":{"start":{"line":50,"column":8},"end":{"line":51,"column":98}},"27":{"start":{"line":51,"column":12},"end":{"line":51,"column":98}},"28":{"start":{"line":55,"column":8},"end":{"line":56,"column":116}},"29":{"start":{"line":56,"column":12},"end":{"line":56,"column":116}},"30":{"start":{"line":57,"column":8},"end":{"line":57,"column":44}},"31":{"start":{"line":60,"column":8},"end":{"line":61,"column":101}},"32":{"start":{"line":61,"column":12},"end":{"line":61,"column":101}},"33":{"start":{"line":62,"column":8},"end":{"line":62,"column":59}},"34":{"start":{"line":65,"column":0},"end":{"line":65,"column":28}}},"fnMap":{"0":{"name":"(anonymous_0)","decl":{"start":{"line":8,"column":4},"end":{"line":8,"column":5}},"loc":{"start":{"line":8,"column":48},"end":{"line":18,"column":5}},"line":8},"1":{"name":"(anonymous_1)","decl":{"start":{"line":19,"column":4},"end":{"line":19,"column":5}},"loc":{"start":{"line":19,"column":52},"end":{"line":32,"column":5}},"line":19},"2":{"name":"(anonymous_2)","decl":{"start":{"line":33,"column":4},"end":{"line":33,"column":5}},"loc":{"start":{"line":33,"column":48},"end":{"line":43,"column":5}},"line":33},"3":{"name":"(anonymous_3)","decl":{"start":{"line":44,"column":4},"end":{"line":44,"column":5}},"loc":{"start":{"line":44,"column":56},"end":{"line":53,"column":5}},"line":44},"4":{"name":"(anonymous_4)","decl":{"start":{"line":54,"column":4},"end":{"line":54,"column":5}},"loc":{"start":{"line":54,"column":57},"end":{"line":58,"column":5}},"line":54},"5":{"name":"(anonymous_5)","decl":{"start":{"line":59,"column":4},"end":{"line":59,"column":5}},"loc":{"start":{"line":59,"column":43},"end":{"line":63,"column":5}},"line":59}},"branchMap":{"0":{"loc":{"start":{"line":10,"column":8},"end":{"line":16,"column":9}},"type":"if","locations":[{"start":{"line":10,"column":8},"end":{"line":16,"column":9}},{"start":{"line":10,"column":8},"end":{"line":16,"column":9}}],"line":10},"1":{"loc":{"start":{"line":20,"column":8},"end":{"line":31,"column":9}},"type":"if","locations":[{"start":{"line":20,"column":8},"end":{"line":31,"column":9}},{"start":{"line":20,"column":8},"end":{"line":31,"column":9}}],"line":20},"2":{"loc":{"start":{"line":35,"column":8},"end":{"line":42,"column":31}},"type":"if","locations":[{"start":{"line":35,"column":8},"end":{"line":42,"column":31}},{"start":{"line":35,"column":8},"end":{"line":42,"column":31}}],"line":35},"3":{"loc":{"start":{"line":37,"column":13},"end":{"line":42,"column":31}},"type":"if","locations":[{"start":{"line":37,"column":13},"end":{"line":42,"column":31}},{"start":{"line":37,"column":13},"end":{"line":42,"column":31}}],"line":37},"4":{"loc":{"start":{"line":45,"column":8},"end":{"line":48,"column":131}},"type":"if","locations":[{"start":{"line":45,"column":8},"end":{"line":48,"column":131}},{"start":{"line":45,"column":8},"end":{"line":48,"column":131}}],"line":45},"5":{"loc":{"start":{"line":50,"column":8},"end":{"line":51,"column":98}},"type":"if","locations":[{"start":{"line":50,"column":8},"end":{"line":51,"column":98}},{"start":{"line":50,"column":8},"end":{"line":51,"column":98}}],"line":50},"6":{"loc":{"start":{"line":55,"column":8},"end":{"line":56,"column":116}},"type":"if","locations":[{"start":{"line":55,"column":8},"end":{"line":56,"column":116}},{"start":{"line":55,"column":8},"end":{"line":56,"column":116}}],"line":55},"7":{"loc":{"start":{"line":60,"column":8},"end":{"line":61,"column":101}},"type":"if","locations":[{"start":{"line":60,"column":8},"end":{"line":61,"column":101}},{"start":{"line":60,"column":8},"end":{"line":61,"column":101}}],"line":60}},"s":{"0":1,"1":1,"2":1,"3":1,"4":12,"5":12,"6":1,"7":11,"8":11,"9":11,"10":0,"11":0,"12":0,"13":0,"14":0,"15":0,"16":29,"17":12,"18":17,"19":6,"20":6,"21":11,"22":3,"23":0,"24":3,"25":3,"26":3,"27":2,"28":6001,"29":0,"30":6001,"31":1,"32":1,"33":1,"34":1},"f":{"0":12,"1":0,"2":29,"3":3,"4":6001,"5":1},"b":{"0":[1,11],"1":[0,0],"2":[12,17],"3":[6,11],"4":[0,3],"5":[2,1],"6":[0,6001],"7":[1,0]},"_coverageSchema":"43e27e138ebf9cfc5966b082cf9a028302ed4184","hash":"1a5125f6f1f643196424ec5d1d93622684c8f117","contentHash":"611886d2bf10aab7e4cdaf9ef01f52bbaa697996133d09359644e824c1a169c7"}
}
